{
  "RSpec": {
    "coverage": {
      "/Users/vishalsadriya/work/experiments/task-demo/spec/support/factory_bot.rb": {
        "lines": [
          1,
          1,
          null
        ]
      },
      "/Users/vishalsadriya/work/experiments/task-demo/app/models/tag.rb": {
        "lines": [
          1,
          1,
          1,
          null,
          1,
          null
        ]
      },
      "/Users/vishalsadriya/work/experiments/task-demo/app/models/application_record.rb": {
        "lines": [
          1,
          1,
          null
        ]
      },
      "/Users/vishalsadriya/work/experiments/task-demo/spec/models/task_spec.rb": {
        "lines": [
          1,
          null,
          1,
          2,
          2,
          2,
          null
        ]
      },
      "/Users/vishalsadriya/work/experiments/task-demo/app/models/task.rb": {
        "lines": [
          1,
          1,
          null,
          1,
          1,
          null,
          1,
          null
        ]
      },
      "/Users/vishalsadriya/work/experiments/task-demo/spec/models/task_tag_spec.rb": {
        "lines": [
          1,
          null,
          1,
          2,
          2,
          null
        ]
      },
      "/Users/vishalsadriya/work/experiments/task-demo/app/models/task_tag.rb": {
        "lines": [
          1,
          1,
          1,
          null
        ]
      },
      "/Users/vishalsadriya/work/experiments/task-demo/spec/requests/api/v1/tags_spec.rb": {
        "lines": [
          1,
          null,
          1,
          1,
          1,
          1,
          3,
          null,
          1,
          1,
          1,
          1,
          1,
          null,
          null,
          1,
          1,
          1,
          1,
          null,
          1,
          1,
          1,
          1,
          null,
          null,
          null
        ]
      },
      "/Users/vishalsadriya/work/experiments/task-demo/spec/requests/api/v1/tasks_spec.rb": {
        "lines": [
          1,
          null,
          1,
          1,
          1,
          1,
          1,
          1,
          null,
          1,
          1,
          1,
          1,
          null,
          null,
          1,
          1,
          1,
          1,
          1,
          1,
          null,
          null,
          null,
          1,
          1,
          1,
          1,
          1,
          1,
          1,
          1,
          1,
          null,
          null,
          null,
          1,
          1,
          1,
          1,
          1,
          1,
          null,
          null,
          null
        ]
      },
      "/Users/vishalsadriya/work/experiments/task-demo/app/controllers/api/v1/tags_controller.rb": {
        "lines": [
          1,
          1,
          1,
          1,
          null,
          null,
          null,
          null,
          null
        ]
      },
      "/Users/vishalsadriya/work/experiments/task-demo/app/controllers/application_controller.rb": {
        "lines": [
          1,
          6,
          null,
          1,
          5,
          null,
          null,
          null,
          1,
          null,
          5,
          null,
          0,
          0,
          null,
          1,
          null,
          0,
          null,
          0,
          0,
          null,
          4,
          null,
          null,
          1,
          2,
          null,
          null
        ]
      },
      "/Users/vishalsadriya/work/experiments/task-demo/app/serializers/api/v1/tags_serializer.rb": {
        "lines": [
          1,
          1,
          null
        ]
      },
      "/Users/vishalsadriya/work/experiments/task-demo/lib/json_response.rb": {
        "lines": [
          null,
          null,
          null,
          1,
          1,
          null,
          1,
          5,
          5,
          5,
          5,
          5,
          null,
          null,
          1,
          null,
          5,
          null,
          null,
          null,
          null,
          null,
          null,
          null
        ]
      },
      "/Users/vishalsadriya/work/experiments/task-demo/app/controllers/api/v1/tasks_controller.rb": {
        "lines": [
          1,
          1,
          null,
          1,
          2,
          1,
          null,
          null,
          null,
          null,
          null,
          null,
          1,
          1,
          1,
          null,
          null,
          null,
          null,
          null,
          null,
          1,
          1,
          null,
          1,
          null,
          null,
          null,
          null,
          null,
          1,
          null,
          1,
          3,
          null,
          null,
          null,
          1,
          5,
          null,
          null
        ]
      },
      "/Users/vishalsadriya/work/experiments/task-demo/app/serializers/api/v1/tasks_serializer.rb": {
        "lines": [
          1,
          1,
          1,
          null
        ]
      }
    },
    "timestamp": 1654410925
  }
}
